c:\users\hulig\desktop\喵星人方块\喵星人方块\debug\喵星人方块.pch
c:\users\hulig\desktop\喵星人方块\喵星人方块\debug\vc141.pdb
c:\users\hulig\desktop\喵星人方块\喵星人方块\debug\vc141.idb
c:\users\hulig\desktop\喵星人方块\喵星人方块\debug\stdafx.obj
c:\users\hulig\desktop\喵星人方块\喵星人方块\debug\喵星人方块.obj
c:\users\hulig\desktop\喵星人方块\喵星人方块\debug\方块类.obj
c:\users\hulig\desktop\喵星人方块\debug\喵星人方块.exe
c:\users\hulig\desktop\喵星人方块\debug\喵星人方块.ilk
c:\users\hulig\desktop\喵星人方块\debug\喵星人方块.pdb
c:\users\hulig\desktop\喵星人方块\喵星人方块\debug\喵星人方块.res
c:\users\hulig\desktop\喵星人方块\喵星人方块\debug\喵星人方块.obj.enc
c:\users\hulig\desktop\喵星人方块\喵星人方块\debug\vc120.idb
c:\users\hulig\desktop\喵星人方块\喵星人方块\debug\vc120.pdb
c:\users\hulig\desktop\喵星人方块\喵星人方块\debug\喵星人方块.tlog\cl.command.1.tlog
c:\users\hulig\desktop\喵星人方块\喵星人方块\debug\喵星人方块.tlog\cl.read.1.tlog
c:\users\hulig\desktop\喵星人方块\喵星人方块\debug\喵星人方块.tlog\cl.write.1.tlog
c:\users\hulig\desktop\喵星人方块\喵星人方块\debug\喵星人方块.tlog\link.command.1.tlog
c:\users\hulig\desktop\喵星人方块\喵星人方块\debug\喵星人方块.tlog\link.delete.1.tlog
c:\users\hulig\desktop\喵星人方块\喵星人方块\debug\喵星人方块.tlog\link.read.1.tlog
c:\users\hulig\desktop\喵星人方块\喵星人方块\debug\喵星人方块.tlog\link.write.1.tlog
c:\users\hulig\desktop\喵星人方块\喵星人方块\debug\喵星人方块.tlog\rc.command.1.tlog
c:\users\hulig\desktop\喵星人方块\喵星人方块\debug\喵星人方块.tlog\rc.read.1.tlog
c:\users\hulig\desktop\喵星人方块\喵星人方块\debug\喵星人方块.tlog\rc.write.1.tlog
